<?xml version="1.0" encoding="UTF-8"?>
<!-- Generated by org.testng.reporters.JUnitXMLReporter -->
<testsuite ignored="0" hostname="LIN36000675" failures="0" tests="1" name="Valid Login Test" time="2.869" errors="0" timestamp="2021-05-08T22:50:20 IST">
  <testcase classname="com.instagram.generic.BaseClass" name="@BeforeMethod openApp" time="2.794">
    <failure type="org.openqa.selenium.SessionNotCreatedException" message="session not created: This version of ChromeDriver only supports Chrome version 87
Current browser version is 89.0.4389.114 with binary path C:\Program Files (x86)\Google\Chrome\Application\chrome.exe
Build info: version: &amp;apos;3.141.59&amp;apos;, revision: &amp;apos;e82be7d358&amp;apos;, time: &amp;apos;2018-11-14T08:17:03&amp;apos;
System info: host: &amp;apos;LIN36000675&amp;apos;, ip: &amp;apos;192.168.43.20&amp;apos;, os.name: &amp;apos;Windows 10&amp;apos;, os.arch: &amp;apos;amd64&amp;apos;, os.version: &amp;apos;10.0&amp;apos;, java.version: &amp;apos;12&amp;apos;
Driver info: driver.version: ChromeDriver
remote stacktrace: Backtrace:
	Ordinal0 [0x0107ECE3+3337443]
	Ordinal0 [0x00F5F041+2158657]
	Ordinal0 [0x00DE6FA8+618408]
	Ordinal0 [0x00D61D52+73042]
	Ordinal0 [0x00D5E0D8+57560]
	Ordinal0 [0x00D5C38A+50058]
	Ordinal0 [0x00D85E8E+220814]
	Ordinal0 [0x00D85BFC+220156]
	Ordinal0 [0x00D8181B+202779]
	Ordinal0 [0x00D63D74+81268]
	Ordinal0 [0x00D64D6E+85358]
	Ordinal0 [0x00D64CF9+85241]
	Ordinal0 [0x00F76F2C+2256684]
	GetHandleVerifier [0x01202FAC+1478332]
	GetHandleVerifier [0x01202AFD+1477133]
	GetHandleVerifier [0x0120AAD8+1509864]
	GetHandleVerifier [0x0120369E+1480110]
	Ordinal0 [0x00F6D6BD+2217661]
	Ordinal0 [0x00F789AB+2263467]
	Ordinal0 [0x00F78AEF+2263791]
	Ordinal0 [0x00F8D363+2347875]
	BaseThreadInitThunk [0x76D0FA29+25]
	RtlGetAppContainerNamedObjectPath [0x77167A4E+286]
	RtlGetAppContainerNamedObjectPath [0x77167A1E+238]
">
      <![CDATA[org.openqa.selenium.SessionNotCreatedException: session not created: This version of ChromeDriver only supports Chrome version 87
Current browser version is 89.0.4389.114 with binary path C:\Program Files (x86)\Google\Chrome\Application\chrome.exe
Build info: version: '3.141.59', revision: 'e82be7d358', time: '2018-11-14T08:17:03'
System info: host: 'LIN36000675', ip: '192.168.43.20', os.name: 'Windows 10', os.arch: 'amd64', os.version: '10.0', java.version: '12'
Driver info: driver.version: ChromeDriver
remote stacktrace: Backtrace:
Ordinal0 [0x0107ECE3+3337443]
Ordinal0 [0x00F5F041+2158657]
Ordinal0 [0x00DE6FA8+618408]
Ordinal0 [0x00D61D52+73042]
Ordinal0 [0x00D5E0D8+57560]
Ordinal0 [0x00D5C38A+50058]
Ordinal0 [0x00D85E8E+220814]
Ordinal0 [0x00D85BFC+220156]
Ordinal0 [0x00D8181B+202779]
Ordinal0 [0x00D63D74+81268]
Ordinal0 [0x00D64D6E+85358]
Ordinal0 [0x00D64CF9+85241]
Ordinal0 [0x00F76F2C+2256684]
GetHandleVerifier [0x01202FAC+1478332]
GetHandleVerifier [0x01202AFD+1477133]
GetHandleVerifier [0x0120AAD8+1509864]
GetHandleVerifier [0x0120369E+1480110]
Ordinal0 [0x00F6D6BD+2217661]
Ordinal0 [0x00F789AB+2263467]
Ordinal0 [0x00F78AEF+2263791]
Ordinal0 [0x00F8D363+2347875]
BaseThreadInitThunk [0x76D0FA29+25]
RtlGetAppContainerNamedObjectPath [0x77167A4E+286]
RtlGetAppContainerNamedObjectPath [0x77167A1E+238]

at org.openqa.selenium.remote.W3CHandshakeResponse.lambda$errorHandler$0(W3CHandshakeResponse.java:62)
at org.openqa.selenium.remote.HandshakeResponse.lambda$getResponseFunction$0(HandshakeResponse.java:30)
at org.openqa.selenium.remote.ProtocolHandshake.lambda$createSession$0(ProtocolHandshake.java:126)
at java.base/java.util.stream.ReferencePipeline$3$1.accept(ReferencePipeline.java:195)
at java.base/java.util.Spliterators$ArraySpliterator.tryAdvance(Spliterators.java:958)
at java.base/java.util.stream.ReferencePipeline.forEachWithCancel(ReferencePipeline.java:127)
at java.base/java.util.stream.AbstractPipeline.copyIntoWithCancel(AbstractPipeline.java:502)
at java.base/java.util.stream.AbstractPipeline.copyInto(AbstractPipeline.java:488)
at java.base/java.util.stream.AbstractPipeline.wrapAndCopyInto(AbstractPipeline.java:474)
at java.base/java.util.stream.FindOps$FindOp.evaluateSequential(FindOps.java:150)
at java.base/java.util.stream.AbstractPipeline.evaluate(AbstractPipeline.java:234)
at java.base/java.util.stream.ReferencePipeline.findFirst(ReferencePipeline.java:543)
at org.openqa.selenium.remote.ProtocolHandshake.createSession(ProtocolHandshake.java:128)
at org.openqa.selenium.remote.ProtocolHandshake.createSession(ProtocolHandshake.java:74)
at org.openqa.selenium.remote.HttpCommandExecutor.execute(HttpCommandExecutor.java:136)
at org.openqa.selenium.remote.service.DriverCommandExecutor.execute(DriverCommandExecutor.java:83)
at org.openqa.selenium.remote.RemoteWebDriver.execute(RemoteWebDriver.java:552)
at org.openqa.selenium.remote.RemoteWebDriver.startSession(RemoteWebDriver.java:213)
at org.openqa.selenium.remote.RemoteWebDriver.<init>(RemoteWebDriver.java:131)
at org.openqa.selenium.chrome.ChromeDriver.<init>(ChromeDriver.java:181)
at org.openqa.selenium.chrome.ChromeDriver.<init>(ChromeDriver.java:168)
at org.openqa.selenium.chrome.ChromeDriver.<init>(ChromeDriver.java:123)
at com.instagram.generic.BaseClass.openApp(BaseClass.java:28)
at java.base/java.util.ArrayList.forEach(ArrayList.java:1540)
... Removed 36 stack frames]]>
    </failure>
  </testcase> <!-- @BeforeMethod openApp -->
  <testcase classname="com.instagram.generic.BaseClass" name="@AfterMethod closeApp" time="-1.620494419975E9">
    <skipped/>
  </testcase> <!-- @AfterMethod closeApp -->
  <testcase classname="com.instagram.test.Test_TestCase_Valid_Login" name="test_Valid_Login" time="0.0">
    <skipped/>
  </testcase> <!-- test_Valid_Login -->
</testsuite> <!-- Valid Login Test -->
